{
  "Cucumber Features": {
    "coverage": {
      "/home/ubuntu/workspace/app/controllers/static_pages_controller.rb": [
        1,
        1,
        null,
        null,
        1,
        null,
        null
      ],
      "/home/ubuntu/workspace/app/controllers/application_controller.rb": [
        1,
        null,
        null,
        1,
        1,
        null
      ],
      "/home/ubuntu/workspace/app/helpers/application_helper.rb": [
        1,
        null
      ],
      "/home/ubuntu/workspace/app/helpers/chows_helper.rb": [
        1,
        1,
        2672,
        2034,
        36,
        null,
        1998,
        null,
        null,
        null,
        null
      ],
      "/home/ubuntu/workspace/app/helpers/sessions_helper.rb": [
        1,
        null,
        1,
        1,
        null,
        1,
        42,
        null,
        1,
        32,
        null,
        null,
        1,
        0,
        0,
        null,
        null
      ],
      "/home/ubuntu/workspace/app/helpers/static_pages_helper.rb": [
        1,
        null
      ],
      "/home/ubuntu/workspace/app/helpers/users_helper.rb": [
        1,
        null
      ],
      "/home/ubuntu/workspace/app/models/user.rb": [
        1,
        1,
        null,
        11,
        1,
        1,
        1,
        1,
        null,
        null,
        null,
        1,
        1,
        null
      ],
      "/home/ubuntu/workspace/app/controllers/chows_controller.rb": [
        1,
        null,
        1,
        null,
        1,
        null,
        null,
        null,
        1,
        8,
        8,
        null,
        null,
        1,
        1,
        1,
        1,
        1,
        1,
        null,
        0,
        0,
        null,
        1,
        1,
        null,
        null,
        null,
        1,
        0,
        null,
        null,
        null,
        null,
        null,
        null,
        null,
        null,
        null,
        1,
        0,
        null,
        null,
        1,
        0,
        null,
        null,
        1,
        0,
        null,
        null,
        1,
        0,
        null,
        null,
        null,
        null,
        null,
        null,
        null,
        null,
        null,
        1,
        null,
        1,
        null,
        null,
        null,
        null,
        null,
        null,
        null,
        null,
        null,
        null
      ],
      "/home/ubuntu/workspace/app/models/chow.rb": [
        null,
        1,
        null,
        1,
        1,
        1,
        1,
        169,
        169,
        2704,
        18,
        null,
        null,
        null,
        null,
        null,
        null,
        null,
        169,
        169,
        null,
        169,
        null,
        169,
        null,
        null,
        null,
        1,
        1,
        1,
        0,
        0,
        0,
        null,
        null,
        null,
        1,
        null,
        null,
        null,
        null,
        null
      ],
      "/home/ubuntu/workspace/app/controllers/sessions_controller.rb": [
        1,
        1,
        null,
        null,
        1,
        0,
        0,
        0,
        0,
        null,
        0,
        0,
        null,
        null,
        1,
        null,
        null,
        1,
        0,
        0,
        null,
        null
      ],
      "/home/ubuntu/workspace/app/controllers/users_controller.rb": [
        1,
        1,
        5,
        null,
        null,
        1,
        3,
        3,
        1,
        0,
        0,
        null,
        null,
        1,
        1,
        1,
        null,
        null,
        2,
        null,
        null,
        null,
        1,
        null,
        1,
        3,
        null,
        null,
        null,
        null
      ],
      "/home/ubuntu/workspace/app/models/health_concern.rb": [
        1,
        1,
        1,
        7,
        null,
        null
      ]
    },
    "timestamp": 1461730889
  },
  "RSpec": {
    "coverage": {
      "/home/ubuntu/workspace/app/controllers/chows_controller.rb": [
        1,
        null,
        1,
        null,
        1,
        null,
        null,
        null,
        1,
        0,
        0,
        null,
        null,
        1,
        4,
        4,
        0,
        0,
        0,
        null,
        4,
        4,
        null,
        0,
        0,
        null,
        null,
        null,
        1,
        0,
        null,
        null,
        null,
        null,
        null,
        null,
        null,
        null,
        null,
        1,
        0,
        null,
        null,
        1,
        0,
        null,
        null,
        1,
        0,
        null,
        null,
        1,
        0,
        null,
        null,
        null,
        null,
        null,
        null,
        null,
        null,
        null,
        1,
        null,
        1,
        null,
        null,
        null,
        null,
        null,
        null,
        null,
        null,
        null,
        null
      ],
      "/home/ubuntu/workspace/app/controllers/application_controller.rb": [
        1,
        null,
        null,
        1,
        1,
        null
      ],
      "/home/ubuntu/workspace/app/controllers/sessions_controller.rb": [
        1,
        1,
        null,
        null,
        1,
        2,
        2,
        1,
        1,
        null,
        1,
        1,
        null,
        null,
        1,
        null,
        null,
        1,
        1,
        1,
        null,
        null
      ],
      "/home/ubuntu/workspace/app/controllers/users_controller.rb": [
        1,
        1,
        1,
        null,
        null,
        1,
        3,
        3,
        2,
        0,
        0,
        null,
        null,
        2,
        2,
        2,
        null,
        null,
        1,
        null,
        null,
        null,
        1,
        null,
        1,
        3,
        null,
        null,
        null,
        null
      ],
      "/home/ubuntu/workspace/app/models/chow.rb": [
        null,
        1,
        null,
        1,
        4,
        0,
        0,
        0,
        0,
        0,
        0,
        null,
        null,
        null,
        null,
        null,
        null,
        null,
        0,
        0,
        null,
        0,
        null,
        0,
        null,
        null,
        null,
        1,
        4,
        0,
        0,
        0,
        0,
        null,
        null,
        null,
        1,
        null,
        null,
        null,
        null,
        null
      ],
      "/home/ubuntu/workspace/app/models/user.rb": [
        1,
        1,
        null,
        39,
        1,
        1,
        1,
        1,
        null,
        null,
        null,
        1,
        1,
        null
      ],
      "/home/ubuntu/workspace/app/controllers/static_pages_controller.rb": [
        0,
        0,
        0,
        0,
        0,
        0,
        0
      ],
      "/home/ubuntu/workspace/app/helpers/chows_helper.rb": [
        0,
        0,
        0,
        0,
        0,
        0,
        0,
        0,
        0,
        0,
        0
      ],
      "/home/ubuntu/workspace/app/helpers/application_helper.rb": [
        0,
        0
      ],
      "/home/ubuntu/workspace/app/helpers/static_pages_helper.rb": [
        0,
        0
      ],
      "/home/ubuntu/workspace/app/helpers/users_helper.rb": [
        0,
        0
      ],
      "/home/ubuntu/workspace/app/helpers/sessions_helper.rb": [
        0,
        0,
        0,
        0,
        0,
        0,
        0,
        0,
        0,
        0,
        0,
        0,
        0,
        0,
        0,
        0,
        0
      ],
      "/home/ubuntu/workspace/app/models/health_concern.rb": [
        0,
        0,
        0,
        0,
        0,
        0
      ]
    },
    "timestamp": 1461731286
  }
}
